# JRE version: OpenJDK Runtime Environment (8.0_202-b03) (build 1.8.0_202-release-1483-b03)
# Java VM: OpenJDK 64-Bit Server VM (25.202-b03 mixed mode windows-amd64 compressed oops)
Heap:
 PSYoungGen      total 399872K, used 250390K [0x00000000e0000000, 0x0000000100000000, 0x0000000100000000)
  eden space 307200K, 55% used [0x00000000e0000000,0x00000000ea76ab90,0x00000000f2c00000)
  from space 92672K, 85% used [0x00000000fa580000,0x00000000ff29ad48,0x0000000100000000)
  to   space 108544K, 0% used [0x00000000f2c00000,0x00000000f2c00000,0x00000000f9600000)
 ParOldGen       total 419328K, used 159505K [0x00000000a0000000, 0x00000000b9980000, 0x00000000e0000000)
  object space 419328K, 38% used [0x00000000a0000000,0x00000000a9bc4730,0x00000000b9980000)
 Metaspace       used 107511K, capacity 113226K, committed 113408K, reserved 1148928K
  class space    used 13481K, capacity 14536K, committed 14592K, reserved 1048576K
GC Heap History (10 events):
Event: 163.372 GC heap before
{Heap before GC invocations=44 (full 4):
 PSYoungGen      total 470016K, used 421989K [0x00000000e0000000, 0x0000000100000000, 0x0000000100000000)
  eden space 415744K, 100% used [0x00000000e0000000,0x00000000f9600000,0x00000000f9600000)
  from space 54272K, 11% used [0x00000000f9600000,0x00000000f9c19708,0x00000000fcb00000)
  to   space 53760K, 0% used [0x00000000fcb80000,0x00000000fcb80000,0x0000000100000000)
 ParOldGen       total 419328K, used 111430K [0x00000000a0000000, 0x00000000b9980000, 0x00000000e0000000)
  object space 419328K, 26% used [0x00000000a0000000,0x00000000a6cd18b0,0x00000000b9980000)
 Metaspace       used 102535K, capacity 106748K, committed 107008K, reserved 1142784K
  class space    used 12885K, capacity 13745K, committed 13824K, reserved 1048576K
Event: 163.398 GC heap after
Heap after GC invocations=44 (full 4):
 PSYoungGen      total 468480K, used 31540K [0x00000000e0000000, 0x0000000100000000, 0x0000000100000000)
  eden space 414720K, 0% used [0x00000000e0000000,0x00000000e0000000,0x00000000f9500000)
  from space 53760K, 58% used [0x00000000fcb80000,0x00000000fea4d3f8,0x0000000100000000)
  to   space 54784K, 0% used [0x00000000f9500000,0x00000000f9500000,0x00000000fca80000)
 ParOldGen       total 419328K, used 111446K [0x00000000a0000000, 0x00000000b9980000, 0x00000000e0000000)
  object space 419328K, 26% used [0x00000000a0000000,0x00000000a6cd58b0,0x00000000b9980000)
 Metaspace       used 102535K, capacity 106748K, committed 107008K, reserved 1142784K
  class space    used 12885K, capacity 13745K, committed 13824K, reserved 1048576K
}
Event: 164.955 GC heap before
{Heap before GC invocations=45 (full 4):
 PSYoungGen      total 468480K, used 446260K [0x00000000e0000000, 0x0000000100000000, 0x0000000100000000)
  eden space 414720K, 100% used [0x00000000e0000000,0x00000000f9500000,0x00000000f9500000)
  from space 53760K, 58% used [0x00000000fcb80000,0x00000000fea4d3f8,0x0000000100000000)
  to   space 54784K, 0% used [0x00000000f9500000,0x00000000f9500000,0x00000000fca80000)
 ParOldGen       total 419328K, used 111446K [0x00000000a0000000, 0x00000000b9980000, 0x00000000e0000000)
  object space 419328K, 26% used [0x00000000a0000000,0x00000000a6cd58b0,0x00000000b9980000)
 Metaspace       used 103020K, capacity 107226K, committed 107264K, reserved 1142784K
  class space    used 12944K, capacity 13792K, committed 13824K, reserved 1048576K
Event: 165.003 GC heap after
Heap after GC invocations=45 (full 4):
 PSYoungGen      total 469504K, used 54775K [0x00000000e0000000, 0x0000000100000000, 0x0000000100000000)
  eden space 414720K, 0% used [0x00000000e0000000,0x00000000e0000000,0x00000000f9500000)
  from space 54784K, 99% used [0x00000000f9500000,0x00000000fca7dcf8,0x00000000fca80000)
  to   space 54784K, 0% used [0x00000000fca80000,0x00000000fca80000,0x0000000100000000)
 ParOldGen       total 419328K, used 137774K [0x00000000a0000000, 0x00000000b9980000, 0x00000000e0000000)
  object space 419328K, 32% used [0x00000000a0000000,0x00000000a868bb48,0x00000000b9980000)
 Metaspace       used 103020K, capacity 107226K, committed 107264K, reserved 1142784K
  class space    used 12944K, capacity 13792K, committed 13824K, reserved 1048576K
}
Event: 165.827 GC heap before
{Heap before GC invocations=46 (full 4):
 PSYoungGen      total 469504K, used 468232K [0x00000000e0000000, 0x0000000100000000, 0x0000000100000000)
  eden space 414720K, 99% used [0x00000000e0000000,0x00000000f93c4350,0x00000000f9500000)
  from space 54784K, 99% used [0x00000000f9500000,0x00000000fca7dcf8,0x00000000fca80000)
  to   space 54784K, 0% used [0x00000000fca80000,0x00000000fca80000,0x0000000100000000)
 ParOldGen       total 419328K, used 137774K [0x00000000a0000000, 0x00000000b9980000, 0x00000000e0000000)
  object space 419328K, 32% used [0x00000000a0000000,0x00000000a868bb48,0x00000000b9980000)
 Metaspace       used 103578K, capacity 107906K, committed 108160K, reserved 1142784K
  class space    used 13034K, capacity 13912K, committed 13952K, reserved 1048576K
Event: 165.863 GC heap after
Heap after GC invocations=46 (full 4):
 PSYoungGen      total 404992K, used 54773K [0x00000000e0000000, 0x0000000100000000, 0x0000000100000000)
  eden space 350208K, 0% used [0x00000000e0000000,0x00000000e0000000,0x00000000f5600000)
  from space 54784K, 99% used [0x00000000fca80000,0x00000000ffffd7c0,0x0000000100000000)
  to   space 87040K, 0% used [0x00000000f5600000,0x00000000f5600000,0x00000000fab00000)
 ParOldGen       total 419328K, used 159489K [0x00000000a0000000, 0x00000000b9980000, 0x00000000e0000000)
  object space 419328K, 38% used [0x00000000a0000000,0x00000000a9bc0730,0x00000000b9980000)
 Metaspace       used 103578K, capacity 107906K, committed 108160K, reserved 1142784K
  class space    used 13034K, capacity 13912K, committed 13952K, reserved 1048576K
}
Event: 610.770 GC heap before
{Heap before GC invocations=47 (full 4):
 PSYoungGen      total 404992K, used 404981K [0x00000000e0000000, 0x0000000100000000, 0x0000000100000000)
  eden space 350208K, 100% used [0x00000000e0000000,0x00000000f5600000,0x00000000f5600000)
  from space 54784K, 99% used [0x00000000fca80000,0x00000000ffffd7c0,0x0000000100000000)
  to   space 87040K, 0% used [0x00000000f5600000,0x00000000f5600000,0x00000000fab00000)
 ParOldGen       total 419328K, used 159489K [0x00000000a0000000, 0x00000000b9980000, 0x00000000e0000000)
  object space 419328K, 38% used [0x00000000a0000000,0x00000000a9bc0730,0x00000000b9980000)
 Metaspace       used 106190K, capacity 111362K, committed 111616K, reserved 1146880K
  class space    used 13350K, capacity 14335K, committed 14336K, reserved 1048576K
Event: 612.670 GC heap after
Heap after GC invocations=47 (full 4):
 PSYoungGen      total 431616K, used 80935K [0x00000000e0000000, 0x0000000100000000, 0x0000000100000000)
  eden space 350208K, 0% used [0x00000000e0000000,0x00000000e0000000,0x00000000f5600000)
  from space 81408K, 99% used [0x00000000f5600000,0x00000000fa509ed0,0x00000000fa580000)
  to   space 92672K, 0% used [0x00000000fa580000,0x00000000fa580000,0x0000000100000000)
 ParOldGen       total 419328K, used 159497K [0x00000000a0000000, 0x00000000b9980000, 0x00000000e0000000)
  object space 419328K, 38% used [0x00000000a0000000,0x00000000a9bc2730,0x00000000b9980000)
 Metaspace       used 106190K, capacity 111362K, committed 111616K, reserved 1146880K
  class space    used 13350K, capacity 14335K, committed 14336K, reserved 1048576K
}
Event: 673.569 GC heap before
{Heap before GC invocations=48 (full 4):
 PSYoungGen      total 431616K, used 431143K [0x00000000e0000000, 0x0000000100000000, 0x0000000100000000)
  eden space 350208K, 100% used [0x00000000e0000000,0x00000000f5600000,0x00000000f5600000)
  from space 81408K, 99% used [0x00000000f5600000,0x00000000fa509ed0,0x00000000fa580000)
  to   space 92672K, 0% used [0x00000000fa580000,0x00000000fa580000,0x0000000100000000)
 ParOldGen       total 419328K, used 159497K [0x00000000a0000000, 0x00000000b9980000, 0x00000000e0000000)
  object space 419328K, 38% used [0x00000000a0000000,0x00000000a9bc2730,0x00000000b9980000)
 Metaspace       used 107335K, capacity 113048K, committed 113152K, reserved 1148928K
  class space    used 13467K, capacity 14529K, committed 14592K, reserved 1048576K
Event: 674.214 GC heap after
Heap after GC invocations=48 (full 4):
 PSYoungGen      total 399872K, used 78955K [0x00000000e0000000, 0x0000000100000000, 0x0000000100000000)
  eden space 307200K, 0% used [0x00000000e0000000,0x00000000e0000000,0x00000000f2c00000)
  from space 92672K, 85% used [0x00000000fa580000,0x00000000ff29ad48,0x0000000100000000)
  to   space 108544K, 0% used [0x00000000f2c00000,0x00000000f2c00000,0x00000000f9600000)
 ParOldGen       total 419328K, used 159505K [0x00000000a0000000, 0x00000000b9980000, 0x00000000e0000000)
  object space 419328K, 38% used [0x00000000a0000000,0x00000000a9bc4730,0x00000000b9980000)
 Metaspace       used 107335K, capacity 113048K, committed 113152K, reserved 1148928K
  class space    used 13467K, capacity 14529K, committed 14592K, reserved 1048576K
}

