# JRE version: OpenJDK Runtime Environment (8.0_202-b03) (build 1.8.0_202-release-1483-b03)
# Java VM: OpenJDK 64-Bit Server VM (25.202-b03 mixed mode windows-amd64 compressed oops)
Heap:
 PSYoungGen      total 396288K, used 146528K [0x00000000e0000000, 0x00000000ff600000, 0x0000000100000000)
  eden space 275456K, 44% used [0x00000000e0000000,0x00000000e7766c90,0x00000000f0d00000)
  from space 120832K, 20% used [0x00000000f0d00000,0x00000000f24b14a0,0x00000000f8300000)
  to   space 113664K, 0% used [0x00000000f8700000,0x00000000f8700000,0x00000000ff600000)
 ParOldGen       total 622080K, used 181667K [0x00000000a0000000, 0x00000000c5f80000, 0x00000000e0000000)
  object space 622080K, 29% used [0x00000000a0000000,0x00000000ab168dc8,0x00000000c5f80000)
 Metaspace       used 116666K, capacity 122038K, committed 122368K, reserved 1155072K
  class space    used 14727K, capacity 15782K, committed 15872K, reserved 1048576K
GC Heap History (10 events):
Event: 175.252 GC heap before
{Heap before GC invocations=42 (full 4):
 PSYoungGen      total 466432K, used 465894K [0x00000000e0000000, 0x0000000100000000, 0x0000000100000000)
  eden space 408576K, 99% used [0x00000000e0000000,0x00000000f8e7a698,0x00000000f8f00000)
  from space 57856K, 99% used [0x00000000f8f00000,0x00000000fc77f1e8,0x00000000fc780000)
  to   space 57856K, 0% used [0x00000000fc780000,0x00000000fc780000,0x0000000100000000)
 ParOldGen       total 421376K, used 304267K [0x00000000a0000000, 0x00000000b9b80000, 0x00000000e0000000)
  object space 421376K, 72% used [0x00000000a0000000,0x00000000b2922eb8,0x00000000b9b80000)
 Metaspace       used 99767K, capacity 104228K, committed 104320K, reserved 1140736K
  class space    used 12500K, capacity 13388K, committed 13440K, reserved 1048576K
Event: 175.469 GC heap after
Heap after GC invocations=42 (full 4):
 PSYoungGen      total 332288K, used 57830K [0x00000000e0000000, 0x0000000100000000, 0x0000000100000000)
  eden space 274432K, 0% used [0x00000000e0000000,0x00000000e0000000,0x00000000f0c00000)
  from space 57856K, 99% used [0x00000000fc780000,0x00000000ffff9a00,0x0000000100000000)
  to   space 124928K, 0% used [0x00000000f0c00000,0x00000000f0c00000,0x00000000f8600000)
 ParOldGen       total 421376K, used 363602K [0x00000000a0000000, 0x00000000b9b80000, 0x00000000e0000000)
  object space 421376K, 86% used [0x00000000a0000000,0x00000000b6314b38,0x00000000b9b80000)
 Metaspace       used 99767K, capacity 104228K, committed 104320K, reserved 1140736K
  class space    used 12500K, capacity 13388K, committed 13440K, reserved 1048576K
}
Event: 175.469 GC heap before
{Heap before GC invocations=43 (full 5):
 PSYoungGen      total 332288K, used 57830K [0x00000000e0000000, 0x0000000100000000, 0x0000000100000000)
  eden space 274432K, 0% used [0x00000000e0000000,0x00000000e0000000,0x00000000f0c00000)
  from space 57856K, 99% used [0x00000000fc780000,0x00000000ffff9a00,0x0000000100000000)
  to   space 124928K, 0% used [0x00000000f0c00000,0x00000000f0c00000,0x00000000f8600000)
 ParOldGen       total 421376K, used 363602K [0x00000000a0000000, 0x00000000b9b80000, 0x00000000e0000000)
  object space 421376K, 86% used [0x00000000a0000000,0x00000000b6314b38,0x00000000b9b80000)
 Metaspace       used 99767K, capacity 104228K, committed 104320K, reserved 1140736K
  class space    used 12500K, capacity 13388K, committed 13440K, reserved 1048576K
Event: 176.946 GC heap after
Heap after GC invocations=43 (full 5):
 PSYoungGen      total 332288K, used 0K [0x00000000e0000000, 0x0000000100000000, 0x0000000100000000)
  eden space 274432K, 0% used [0x00000000e0000000,0x00000000e0000000,0x00000000f0c00000)
  from space 57856K, 0% used [0x00000000fc780000,0x00000000fc780000,0x0000000100000000)
  to   space 124928K, 0% used [0x00000000f0c00000,0x00000000f0c00000,0x00000000f8600000)
 ParOldGen       total 622080K, used 181603K [0x00000000a0000000, 0x00000000c5f80000, 0x00000000e0000000)
  object space 622080K, 29% used [0x00000000a0000000,0x00000000ab158dc8,0x00000000c5f80000)
 Metaspace       used 99644K, capacity 103868K, committed 104320K, reserved 1140736K
  class space    used 12459K, capacity 13314K, committed 13440K, reserved 1048576K
}
Event: 177.447 GC heap before
{Heap before GC invocations=44 (full 5):
 PSYoungGen      total 332288K, used 274200K [0x00000000e0000000, 0x0000000100000000, 0x0000000100000000)
  eden space 274432K, 99% used [0x00000000e0000000,0x00000000f0bc6340,0x00000000f0c00000)
  from space 57856K, 0% used [0x00000000fc780000,0x00000000fc780000,0x0000000100000000)
  to   space 124928K, 0% used [0x00000000f0c00000,0x00000000f0c00000,0x00000000f8600000)
 ParOldGen       total 622080K, used 181603K [0x00000000a0000000, 0x00000000c5f80000, 0x00000000e0000000)
  object space 622080K, 29% used [0x00000000a0000000,0x00000000ab158dc8,0x00000000c5f80000)
 Metaspace       used 99644K, capacity 103868K, committed 104320K, reserved 1140736K
  class space    used 12459K, capacity 13314K, committed 13440K, reserved 1048576K
Event: 177.459 GC heap after
Heap after GC invocations=44 (full 5):
 PSYoungGen      total 399360K, used 224K [0x00000000e0000000, 0x0000000100000000, 0x0000000100000000)
  eden space 274432K, 0% used [0x00000000e0000000,0x00000000e0000000,0x00000000f0c00000)
  from space 124928K, 0% used [0x00000000f0c00000,0x00000000f0c38000,0x00000000f8600000)
  to   space 123904K, 0% used [0x00000000f8700000,0x00000000f8700000,0x0000000100000000)
 ParOldGen       total 622080K, used 181603K [0x00000000a0000000, 0x00000000c5f80000, 0x00000000e0000000)
  object space 622080K, 29% used [0x00000000a0000000,0x00000000ab158dc8,0x00000000c5f80000)
 Metaspace       used 99644K, capacity 103868K, committed 104320K, reserved 1140736K
  class space    used 12459K, capacity 13314K, committed 13440K, reserved 1048576K
}
Event: 231.699 GC heap before
{Heap before GC invocations=45 (full 5):
 PSYoungGen      total 399360K, used 274656K [0x00000000e0000000, 0x0000000100000000, 0x0000000100000000)
  eden space 274432K, 100% used [0x00000000e0000000,0x00000000f0c00000,0x00000000f0c00000)
  from space 124928K, 0% used [0x00000000f0c00000,0x00000000f0c38000,0x00000000f8600000)
  to   space 123904K, 0% used [0x00000000f8700000,0x00000000f8700000,0x0000000100000000)
 ParOldGen       total 622080K, used 181603K [0x00000000a0000000, 0x00000000c5f80000, 0x00000000e0000000)
  object space 622080K, 29% used [0x00000000a0000000,0x00000000ab158dc8,0x00000000c5f80000)
 Metaspace       used 100526K, capacity 104844K, committed 105216K, reserved 1140736K
  class space    used 12593K, capacity 13444K, committed 13568K, reserved 1048576K
Event: 231.795 GC heap after
Heap after GC invocations=45 (full 5):
 PSYoungGen      total 392192K, used 4833K [0x00000000e0000000, 0x00000000ff900000, 0x0000000100000000)
  eden space 275456K, 0% used [0x00000000e0000000,0x00000000e0000000,0x00000000f0d00000)
  from space 116736K, 4% used [0x00000000f8700000,0x00000000f8bb85e0,0x00000000ff900000)
  to   space 120832K, 0% used [0x00000000f0d00000,0x00000000f0d00000,0x00000000f8300000)
 ParOldGen       total 622080K, used 181659K [0x00000000a0000000, 0x00000000c5f80000, 0x00000000e0000000)
  object space 622080K, 29% used [0x00000000a0000000,0x00000000ab166dc8,0x00000000c5f80000)
 Metaspace       used 100526K, capacity 104844K, committed 105216K, reserved 1140736K
  class space    used 12593K, capacity 13444K, committed 13568K, reserved 1048576K
}
Event: 272.415 GC heap before
{Heap before GC invocations=46 (full 5):
 PSYoungGen      total 392192K, used 280289K [0x00000000e0000000, 0x00000000ff900000, 0x0000000100000000)
  eden space 275456K, 100% used [0x00000000e0000000,0x00000000f0d00000,0x00000000f0d00000)
  from space 116736K, 4% used [0x00000000f8700000,0x00000000f8bb85e0,0x00000000ff900000)
  to   space 120832K, 0% used [0x00000000f0d00000,0x00000000f0d00000,0x00000000f8300000)
 ParOldGen       total 622080K, used 181659K [0x00000000a0000000, 0x00000000c5f80000, 0x00000000e0000000)
  object space 622080K, 29% used [0x00000000a0000000,0x00000000ab166dc8,0x00000000c5f80000)
 Metaspace       used 112860K, capacity 117762K, committed 117888K, reserved 1153024K
  class space    used 14142K, capacity 15112K, committed 15232K, reserved 1048576K
Event: 272.562 GC heap after
Heap after GC invocations=46 (full 5):
 PSYoungGen      total 396288K, used 24261K [0x00000000e0000000, 0x00000000ff600000, 0x0000000100000000)
  eden space 275456K, 0% used [0x00000000e0000000,0x00000000e0000000,0x00000000f0d00000)
  from space 120832K, 20% used [0x00000000f0d00000,0x00000000f24b14a0,0x00000000f8300000)
  to   space 113664K, 0% used [0x00000000f8700000,0x00000000f8700000,0x00000000ff600000)
 ParOldGen       total 622080K, used 181667K [0x00000000a0000000, 0x00000000c5f80000, 0x00000000e0000000)
  object space 622080K, 29% used [0x00000000a0000000,0x00000000ab168dc8,0x00000000c5f80000)
 Metaspace       used 112860K, capacity 117762K, committed 117888K, reserved 1153024K
  class space    used 14142K, capacity 15112K, committed 15232K, reserved 1048576K
}

