# JRE version: OpenJDK Runtime Environment (8.0_202-b03) (build 1.8.0_202-release-1483-b03)
# Java VM: OpenJDK 64-Bit Server VM (25.202-b03 mixed mode windows-amd64 compressed oops)
Heap:
 PSYoungGen      total 143360K, used 93030K [0x00000000e0000000, 0x00000000ea200000, 0x0000000100000000)
  eden space 125952K, 73% used [0x00000000e0000000,0x00000000e5ad9958,0x00000000e7b00000)
  from space 17408K, 0% used [0x00000000e7b00000,0x00000000e7b00000,0x00000000e8c00000)
  to   space 15360K, 0% used [0x00000000e8c00000,0x00000000e8c00000,0x00000000e9b00000)
 ParOldGen       total 195584K, used 35648K [0x00000000a0000000, 0x00000000abf00000, 0x00000000e0000000)
  object space 195584K, 18% used [0x00000000a0000000,0x00000000a22d0390,0x00000000abf00000)
 Metaspace       used 60109K, capacity 62024K, committed 62208K, reserved 1103872K
  class space    used 8198K, capacity 8671K, committed 8704K, reserved 1048576K
GC Heap History (10 events):
Event: 6.962 GC heap before
{Heap before GC invocations=8 (full 2):
 PSYoungGen      total 109568K, used 11429K [0x00000000e0000000, 0x00000000e7b80000, 0x0000000100000000)
  eden space 96768K, 0% used [0x00000000e0000000,0x00000000e0000000,0x00000000e5e80000)
  from space 12800K, 89% used [0x00000000e6b80000,0x00000000e76a96b8,0x00000000e7800000)
  to   space 13312K, 0% used [0x00000000e5e80000,0x00000000e5e80000,0x00000000e6b80000)
 ParOldGen       total 117248K, used 11619K [0x00000000a0000000, 0x00000000a7280000, 0x00000000e0000000)
  object space 117248K, 9% used [0x00000000a0000000,0x00000000a0b58fb8,0x00000000a7280000)
 Metaspace       used 34623K, capacity 35374K, committed 35456K, reserved 1079296K
  class space    used 4778K, capacity 4965K, committed 4992K, reserved 1048576K
Event: 7.036 GC heap after
Heap after GC invocations=8 (full 2):
 PSYoungGen      total 109568K, used 0K [0x00000000e0000000, 0x00000000e7b80000, 0x0000000100000000)
  eden space 96768K, 0% used [0x00000000e0000000,0x00000000e0000000,0x00000000e5e80000)
  from space 12800K, 0% used [0x00000000e6b80000,0x00000000e6b80000,0x00000000e7800000)
  to   space 13312K, 0% used [0x00000000e5e80000,0x00000000e5e80000,0x00000000e6b80000)
 ParOldGen       total 195584K, used 18275K [0x00000000a0000000, 0x00000000abf00000, 0x00000000e0000000)
  object space 195584K, 9% used [0x00000000a0000000,0x00000000a11d8c48,0x00000000abf00000)
 Metaspace       used 34599K, capacity 35296K, committed 35456K, reserved 1079296K
  class space    used 4771K, capacity 4952K, committed 4992K, reserved 1048576K
}
Event: 8.687 GC heap before
{Heap before GC invocations=9 (full 2):
 PSYoungGen      total 109568K, used 96768K [0x00000000e0000000, 0x00000000e7b80000, 0x0000000100000000)
  eden space 96768K, 100% used [0x00000000e0000000,0x00000000e5e80000,0x00000000e5e80000)
  from space 12800K, 0% used [0x00000000e6b80000,0x00000000e6b80000,0x00000000e7800000)
  to   space 13312K, 0% used [0x00000000e5e80000,0x00000000e5e80000,0x00000000e6b80000)
 ParOldGen       total 195584K, used 18275K [0x00000000a0000000, 0x00000000abf00000, 0x00000000e0000000)
  object space 195584K, 9% used [0x00000000a0000000,0x00000000a11d8c48,0x00000000abf00000)
 Metaspace       used 44931K, capacity 45836K, committed 46336K, reserved 1089536K
  class space    used 6040K, capacity 6290K, committed 6400K, reserved 1048576K
Event: 8.703 GC heap after
Heap after GC invocations=9 (full 2):
 PSYoungGen      total 110080K, used 13297K [0x00000000e0000000, 0x00000000e9b00000, 0x0000000100000000)
  eden space 96768K, 0% used [0x00000000e0000000,0x00000000e0000000,0x00000000e5e80000)
  from space 13312K, 99% used [0x00000000e5e80000,0x00000000e6b7c560,0x00000000e6b80000)
  to   space 15360K, 0% used [0x00000000e8c00000,0x00000000e8c00000,0x00000000e9b00000)
 ParOldGen       total 195584K, used 19061K [0x00000000a0000000, 0x00000000abf00000, 0x00000000e0000000)
  object space 195584K, 9% used [0x00000000a0000000,0x00000000a129d470,0x00000000abf00000)
 Metaspace       used 44931K, capacity 45836K, committed 46336K, reserved 1089536K
  class space    used 6040K, capacity 6290K, committed 6400K, reserved 1048576K
}
Event: 9.767 GC heap before
{Heap before GC invocations=10 (full 2):
 PSYoungGen      total 110080K, used 110065K [0x00000000e0000000, 0x00000000e9b00000, 0x0000000100000000)
  eden space 96768K, 100% used [0x00000000e0000000,0x00000000e5e80000,0x00000000e5e80000)
  from space 13312K, 99% used [0x00000000e5e80000,0x00000000e6b7c560,0x00000000e6b80000)
  to   space 15360K, 0% used [0x00000000e8c00000,0x00000000e8c00000,0x00000000e9b00000)
 ParOldGen       total 195584K, used 19061K [0x00000000a0000000, 0x00000000abf00000, 0x00000000e0000000)
  object space 195584K, 9% used [0x00000000a0000000,0x00000000a129d470,0x00000000abf00000)
 Metaspace       used 51700K, capacity 52998K, committed 53248K, reserved 1095680K
  class space    used 7011K, capacity 7389K, committed 7424K, reserved 1048576K
Event: 9.782 GC heap after
Heap after GC invocations=10 (full 2):
 PSYoungGen      total 141312K, used 15333K [0x00000000e0000000, 0x00000000ea200000, 0x0000000100000000)
  eden space 125952K, 0% used [0x00000000e0000000,0x00000000e0000000,0x00000000e7b00000)
  from space 15360K, 99% used [0x00000000e8c00000,0x00000000e9af96e0,0x00000000e9b00000)
  to   space 17408K, 0% used [0x00000000e7b00000,0x00000000e7b00000,0x00000000e8c00000)
 ParOldGen       total 195584K, used 20311K [0x00000000a0000000, 0x00000000abf00000, 0x00000000e0000000)
  object space 195584K, 10% used [0x00000000a0000000,0x00000000a13d5de8,0x00000000abf00000)
 Metaspace       used 51700K, capacity 52998K, committed 53248K, reserved 1095680K
  class space    used 7011K, capacity 7389K, committed 7424K, reserved 1048576K
}
Event: 10.720 GC heap before
{Heap before GC invocations=11 (full 2):
 PSYoungGen      total 141312K, used 107703K [0x00000000e0000000, 0x00000000ea200000, 0x0000000100000000)
  eden space 125952K, 73% used [0x00000000e0000000,0x00000000e5a34750,0x00000000e7b00000)
  from space 15360K, 99% used [0x00000000e8c00000,0x00000000e9af96e0,0x00000000e9b00000)
  to   space 17408K, 0% used [0x00000000e7b00000,0x00000000e7b00000,0x00000000e8c00000)
 ParOldGen       total 195584K, used 20311K [0x00000000a0000000, 0x00000000abf00000, 0x00000000e0000000)
  object space 195584K, 10% used [0x00000000a0000000,0x00000000a13d5de8,0x00000000abf00000)
 Metaspace       used 57428K, capacity 59040K, committed 59096K, reserved 1099776K
  class space    used 7827K, capacity 8265K, committed 8320K, reserved 1048576K
Event: 10.737 GC heap after
Heap after GC invocations=11 (full 2):
 PSYoungGen      total 143360K, used 17383K [0x00000000e0000000, 0x00000000ea200000, 0x0000000100000000)
  eden space 125952K, 0% used [0x00000000e0000000,0x00000000e0000000,0x00000000e7b00000)
  from space 17408K, 99% used [0x00000000e7b00000,0x00000000e8bf9c60,0x00000000e8c00000)
  to   space 15360K, 0% used [0x00000000e8c00000,0x00000000e8c00000,0x00000000e9b00000)
 ParOldGen       total 195584K, used 23014K [0x00000000a0000000, 0x00000000abf00000, 0x00000000e0000000)
  object space 195584K, 11% used [0x00000000a0000000,0x00000000a1679b20,0x00000000abf00000)
 Metaspace       used 57428K, capacity 59040K, committed 59096K, reserved 1099776K
  class space    used 7827K, capacity 8265K, committed 8320K, reserved 1048576K
}
Event: 10.737 GC heap before
{Heap before GC invocations=12 (full 3):
 PSYoungGen      total 143360K, used 17383K [0x00000000e0000000, 0x00000000ea200000, 0x0000000100000000)
  eden space 125952K, 0% used [0x00000000e0000000,0x00000000e0000000,0x00000000e7b00000)
  from space 17408K, 99% used [0x00000000e7b00000,0x00000000e8bf9c60,0x00000000e8c00000)
  to   space 15360K, 0% used [0x00000000e8c00000,0x00000000e8c00000,0x00000000e9b00000)
 ParOldGen       total 195584K, used 23014K [0x00000000a0000000, 0x00000000abf00000, 0x00000000e0000000)
  object space 195584K, 11% used [0x00000000a0000000,0x00000000a1679b20,0x00000000abf00000)
 Metaspace       used 57428K, capacity 59040K, committed 59096K, reserved 1099776K
  class space    used 7827K, capacity 8265K, committed 8320K, reserved 1048576K
Event: 10.935 GC heap after
Heap after GC invocations=12 (full 3):
 PSYoungGen      total 143360K, used 0K [0x00000000e0000000, 0x00000000ea200000, 0x0000000100000000)
  eden space 125952K, 0% used [0x00000000e0000000,0x00000000e0000000,0x00000000e7b00000)
  from space 17408K, 0% used [0x00000000e7b00000,0x00000000e7b00000,0x00000000e8c00000)
  to   space 15360K, 0% used [0x00000000e8c00000,0x00000000e8c00000,0x00000000e9b00000)
 ParOldGen       total 195584K, used 35648K [0x00000000a0000000, 0x00000000abf00000, 0x00000000e0000000)
  object space 195584K, 18% used [0x00000000a0000000,0x00000000a22d0390,0x00000000abf00000)
 Metaspace       used 57428K, capacity 59040K, committed 59096K, reserved 1099776K
  class space    used 7827K, capacity 8265K, committed 8320K, reserved 1048576K
}

